d:\документы\codesvisiual\kommivoyachor2\kommivoyachor2\debug\kommivoyachor2.pch
d:\документы\codesvisiual\kommivoyachor2\kommivoyachor2\debug\vc141.pdb
d:\документы\codesvisiual\kommivoyachor2\kommivoyachor2\debug\vc141.idb
d:\документы\codesvisiual\kommivoyachor2\kommivoyachor2\debug\stdafx.obj
d:\документы\codesvisiual\kommivoyachor2\kommivoyachor2\debug\normalrand.obj
d:\документы\codesvisiual\kommivoyachor2\kommivoyachor2\debug\kommivoyachor2.obj
d:\документы\codesvisiual\kommivoyachor2\kommivoyachor2\debug\average.obj
d:\документы\codesvisiual\kommivoyachor2\kommivoyachor2\debug\normal.obj
d:\документы\codesvisiual\kommivoyachor2\kommivoyachor2\debug\dsu.obj
d:\документы\codesvisiual\kommivoyachor2\kommivoyachor2\debug\find_way.obj
d:\документы\codesvisiual\kommivoyachor2\kommivoyachor2\debug\start.obj
d:\документы\codesvisiual\kommivoyachor2\kommivoyachor2\debug\solvers.obj
d:\документы\codesvisiual\kommivoyachor2\kommivoyachor2\debug\find_ways.obj
d:\документы\codesvisiual\kommivoyachor2\kommivoyachor2\debug\random.obj
d:\документы\codesvisiual\kommivoyachor2\kommivoyachor2\debug\graph.obj
d:\документы\codesvisiual\kommivoyachor2\debug\kommivoyachor2.exe
d:\документы\codesvisiual\kommivoyachor2\debug\kommivoyachor2.ilk
d:\документы\codesvisiual\kommivoyachor2\debug\kommivoyachor2.pdb
d:\документы\codesvisiual\kommivoyachor2\kommivoyachor2\debug\kommivoyachor2.tlog\cl.command.1.tlog
d:\документы\codesvisiual\kommivoyachor2\kommivoyachor2\debug\kommivoyachor2.tlog\cl.read.1.tlog
d:\документы\codesvisiual\kommivoyachor2\kommivoyachor2\debug\kommivoyachor2.tlog\cl.write.1.tlog
d:\документы\codesvisiual\kommivoyachor2\kommivoyachor2\debug\kommivoyachor2.tlog\link.command.1.tlog
d:\документы\codesvisiual\kommivoyachor2\kommivoyachor2\debug\kommivoyachor2.tlog\link.read.1.tlog
d:\документы\codesvisiual\kommivoyachor2\kommivoyachor2\debug\kommivoyachor2.tlog\link.write.1.tlog
